14:35:34.453 [main]  INFO  com.intuit.karate - Karate version: 1.4.0
14:35:34.791 [main]  INFO  c.intuit.karate.core.FeatureRuntime - found scenario at line: 2
14:35:36.010 [main]  DEBUG com.intuit.karate - request:
1 > GET https://reqres.in/api/users/2
1 > Host: reqres.in
1 > Connection: Keep-Alive
1 > User-Agent: Apache-HttpClient/4.5.14 (Java/15.0.2)
1 > Accept-Encoding: gzip,deflate


14:35:36.543 [main]  DEBUG com.intuit.karate - response time in milliseconds: 528
1 < 200
1 < Date: Mon, 11 Sep 2023 19:35:36 GMT
1 < Content-Type: application/json; charset=utf-8
1 < Transfer-Encoding: chunked
1 < Connection: keep-alive
1 < X-Powered-By: Express
1 < Access-Control-Allow-Origin: *
1 < Etag: W/"118-pbdwwFo9SKNhD3Lx5iHJyngpq00"
1 < Via: 1.1 vegur
1 < Cache-Control: max-age=14400
1 < CF-Cache-Status: HIT
1 < Age: 1095
1 < Report-To: {"endpoints":[{"url":"https:\/\/a.nel.cloudflare.com\/report\/v3?s=LjkNjQuB2RtFwHWK%2BgBrjNOVq0gwgXK8AVRyzLLekt0hBkpsDAlD8qmHAzIpjjP%2F%2BlDgvsoVsZ99WIt3i0IsI3jNDGd82Qj%2FFwEzwPcF7ImQEGlYn66tyhb7cQ%3D%3D"}],"group":"cf-nel","max_age":604800}
1 < NEL: {"success_fraction":0,"report_to":"cf-nel","max_age":604800}
1 < Vary: Accept-Encoding
1 < Server: cloudflare
1 < CF-RAY: 80525ad5abd46da7-MIA
{"data":{"id":2,"email":"janet.weaver@reqres.in","first_name":"Janet","last_name":"Weaver","avatar":"https://reqres.in/img/faces/2-image.jpg"},"support":{"url":"https://reqres.in/#support-heading","text":"To keep ReqRes free, contributions towards server costs are appreciated!"}}

14:35:37.109 [main]  INFO  com.intuit.karate.Suite - <<pass>> feature 1 of 1 (0 remaining) src/test/java/users/get/user-get.feature
